2025-11-04 18:15:53,597 - root - INFO - Initializing Advanced Forensic Core...
2025-11-04 18:15:53,690 - root - INFO - System Status: ADB=True, iOS=True
2025-11-04 18:15:53,690 - root - INFO - Initializing Web Application...
2025-11-04 18:15:53,845 - root - INFO - Starting Forensic Web Application...
2025-11-04 18:15:53,894 - werkzeug - INFO - [31m[1mWARNING: This is a development server. Do not use it in a production deployment. Use a production WSGI server instead.[0m
 * Running on http://127.0.0.1:5000
2025-11-04 18:15:53,894 - werkzeug - INFO - [33mPress CTRL+C to quit[0m
2025-11-04 18:16:05,519 - frontend.web_app - ERROR - Exception on / [GET]
Traceback (most recent call last):
  File "/home/kali/venv/lib/python3.13/site-packages/flask/app.py", line 2190, in wsgi_app
    response = self.full_dispatch_request()
  File "/home/kali/venv/lib/python3.13/site-packages/flask/app.py", line 1486, in full_dispatch_request
    rv = self.handle_user_exception(e)
  File "/home/kali/venv/lib/python3.13/site-packages/flask/app.py", line 1484, in full_dispatch_request
    rv = self.dispatch_request()
  File "/home/kali/venv/lib/python3.13/site-packages/flask/app.py", line 1469, in dispatch_request
    return self.ensure_sync(self.view_functions[rule.endpoint])(**view_args)
           ~~~~~~~~~~~~~~~~~~~~~~~~~~~~~~~~~~~~~~~~~~~~~~~~~~~~^^^^^^^^^^^^^
  File "/home/kali/Desktop/Advenced_v1/advanced_mobile_forensic/frontend/web_app.py", line 31, in index
    return render_template('dashboard.html')
  File "/home/kali/venv/lib/python3.13/site-packages/flask/templating.py", line 150, in render_template
    template = app.jinja_env.get_or_select_template(template_name_or_list)
  File "/home/kali/venv/lib/python3.13/site-packages/jinja2/environment.py", line 1084, in get_or_select_template
    return self.get_template(template_name_or_list, parent, globals)
           ~~~~~~~~~~~~~~~~~^^^^^^^^^^^^^^^^^^^^^^^^^^^^^^^^^^^^^^^^
  File "/home/kali/venv/lib/python3.13/site-packages/jinja2/environment.py", line 1013, in get_template
    return self._load_template(name, globals)
           ~~~~~~~~~~~~~~~~~~~^^^^^^^^^^^^^^^
  File "/home/kali/venv/lib/python3.13/site-packages/jinja2/environment.py", line 972, in _load_template
    template = self.loader.load(self, name, self.make_globals(globals))
  File "/home/kali/venv/lib/python3.13/site-packages/jinja2/loaders.py", line 126, in load
    source, filename, uptodate = self.get_source(environment, name)
                                 ~~~~~~~~~~~~~~~^^^^^^^^^^^^^^^^^^^
  File "/home/kali/venv/lib/python3.13/site-packages/flask/templating.py", line 64, in get_source
    return self._get_source_fast(environment, template)
           ~~~~~~~~~~~~~~~~~~~~~^^^^^^^^^^^^^^^^^^^^^^^
  File "/home/kali/venv/lib/python3.13/site-packages/flask/templating.py", line 98, in _get_source_fast
    raise TemplateNotFound(template)
jinja2.exceptions.TemplateNotFound: dashboard.html
2025-11-04 18:16:05,583 - werkzeug - INFO - 127.0.0.1 - - [04/Nov/2025 18:16:05] "[35m[1mGET / HTTP/1.1[0m" 500 -
2025-11-04 18:16:05,812 - werkzeug - INFO - 127.0.0.1 - - [04/Nov/2025 18:16:05] "[33mGET /favicon.ico HTTP/1.1[0m" 404 -
2025-11-04 18:16:16,365 - frontend.web_app - ERROR - Exception on / [GET]
Traceback (most recent call last):
  File "/home/kali/venv/lib/python3.13/site-packages/flask/app.py", line 2190, in wsgi_app
    response = self.full_dispatch_request()
  File "/home/kali/venv/lib/python3.13/site-packages/flask/app.py", line 1486, in full_dispatch_request
    rv = self.handle_user_exception(e)
  File "/home/kali/venv/lib/python3.13/site-packages/flask/app.py", line 1484, in full_dispatch_request
    rv = self.dispatch_request()
  File "/home/kali/venv/lib/python3.13/site-packages/flask/app.py", line 1469, in dispatch_request
    return self.ensure_sync(self.view_functions[rule.endpoint])(**view_args)
           ~~~~~~~~~~~~~~~~~~~~~~~~~~~~~~~~~~~~~~~~~~~~~~~~~~~~^^^^^^^^^^^^^
  File "/home/kali/Desktop/Advenced_v1/advanced_mobile_forensic/frontend/web_app.py", line 31, in index
    return render_template('dashboard.html')
  File "/home/kali/venv/lib/python3.13/site-packages/flask/templating.py", line 150, in render_template
    template = app.jinja_env.get_or_select_template(template_name_or_list)
  File "/home/kali/venv/lib/python3.13/site-packages/jinja2/environment.py", line 1084, in get_or_select_template
    return self.get_template(template_name_or_list, parent, globals)
           ~~~~~~~~~~~~~~~~~^^^^^^^^^^^^^^^^^^^^^^^^^^^^^^^^^^^^^^^^
  File "/home/kali/venv/lib/python3.13/site-packages/jinja2/environment.py", line 1013, in get_template
    return self._load_template(name, globals)
           ~~~~~~~~~~~~~~~~~~~^^^^^^^^^^^^^^^
  File "/home/kali/venv/lib/python3.13/site-packages/jinja2/environment.py", line 972, in _load_template
    template = self.loader.load(self, name, self.make_globals(globals))
  File "/home/kali/venv/lib/python3.13/site-packages/jinja2/loaders.py", line 126, in load
    source, filename, uptodate = self.get_source(environment, name)
                                 ~~~~~~~~~~~~~~~^^^^^^^^^^^^^^^^^^^
  File "/home/kali/venv/lib/python3.13/site-packages/flask/templating.py", line 64, in get_source
    return self._get_source_fast(environment, template)
           ~~~~~~~~~~~~~~~~~~~~~^^^^^^^^^^^^^^^^^^^^^^^
  File "/home/kali/venv/lib/python3.13/site-packages/flask/templating.py", line 98, in _get_source_fast
    raise TemplateNotFound(template)
jinja2.exceptions.TemplateNotFound: dashboard.html
2025-11-04 18:16:16,369 - werkzeug - INFO - 127.0.0.1 - - [04/Nov/2025 18:16:16] "[35m[1mGET / HTTP/1.1[0m" 500 -
2025-11-04 18:16:16,563 - werkzeug - INFO - 127.0.0.1 - - [04/Nov/2025 18:16:16] "[33mGET /favicon.ico HTTP/1.1[0m" 404 -
2025-11-04 18:16:36,550 - frontend.web_app - ERROR - Exception on /hacking [GET]
Traceback (most recent call last):
  File "/home/kali/venv/lib/python3.13/site-packages/flask/app.py", line 2190, in wsgi_app
    response = self.full_dispatch_request()
  File "/home/kali/venv/lib/python3.13/site-packages/flask/app.py", line 1486, in full_dispatch_request
    rv = self.handle_user_exception(e)
  File "/home/kali/venv/lib/python3.13/site-packages/flask/app.py", line 1484, in full_dispatch_request
    rv = self.dispatch_request()
  File "/home/kali/venv/lib/python3.13/site-packages/flask/app.py", line 1469, in dispatch_request
    return self.ensure_sync(self.view_functions[rule.endpoint])(**view_args)
           ~~~~~~~~~~~~~~~~~~~~~~~~~~~~~~~~~~~~~~~~~~~~~~~~~~~~^^^^^^^^^^^^^
  File "/home/kali/Desktop/Advenced_v1/advanced_mobile_forensic/frontend/web_app.py", line 59, in hacking
    return render_template('hacking.html')
  File "/home/kali/venv/lib/python3.13/site-packages/flask/templating.py", line 150, in render_template
    template = app.jinja_env.get_or_select_template(template_name_or_list)
  File "/home/kali/venv/lib/python3.13/site-packages/jinja2/environment.py", line 1084, in get_or_select_template
    return self.get_template(template_name_or_list, parent, globals)
           ~~~~~~~~~~~~~~~~~^^^^^^^^^^^^^^^^^^^^^^^^^^^^^^^^^^^^^^^^
  File "/home/kali/venv/lib/python3.13/site-packages/jinja2/environment.py", line 1013, in get_template
    return self._load_template(name, globals)
           ~~~~~~~~~~~~~~~~~~~^^^^^^^^^^^^^^^
  File "/home/kali/venv/lib/python3.13/site-packages/jinja2/environment.py", line 972, in _load_template
    template = self.loader.load(self, name, self.make_globals(globals))
  File "/home/kali/venv/lib/python3.13/site-packages/jinja2/loaders.py", line 126, in load
    source, filename, uptodate = self.get_source(environment, name)
                                 ~~~~~~~~~~~~~~~^^^^^^^^^^^^^^^^^^^
  File "/home/kali/venv/lib/python3.13/site-packages/flask/templating.py", line 64, in get_source
    return self._get_source_fast(environment, template)
           ~~~~~~~~~~~~~~~~~~~~~^^^^^^^^^^^^^^^^^^^^^^^
  File "/home/kali/venv/lib/python3.13/site-packages/flask/templating.py", line 98, in _get_source_fast
    raise TemplateNotFound(template)
jinja2.exceptions.TemplateNotFound: hacking.html
2025-11-04 18:16:36,556 - werkzeug - INFO - 127.0.0.1 - - [04/Nov/2025 18:16:36] "[35m[1mGET /hacking HTTP/1.1[0m" 500 -
2025-11-04 18:17:15,419 - root - INFO - Initializing Advanced Forensic Core...
2025-11-04 18:17:15,429 - root - INFO - System Status: ADB=True, iOS=True
2025-11-04 18:17:15,429 - root - INFO - Initializing Web Application...
2025-11-04 18:17:15,470 - root - INFO - Starting Forensic Web Application...
2025-11-04 18:17:15,477 - werkzeug - INFO - [31m[1mWARNING: This is a development server. Do not use it in a production deployment. Use a production WSGI server instead.[0m
 * Running on http://127.0.0.1:5000
2025-11-04 18:17:15,478 - werkzeug - INFO - [33mPress CTRL+C to quit[0m
2025-11-04 18:17:36,486 - frontend.web_app - ERROR - Exception on / [GET]
Traceback (most recent call last):
  File "/home/kali/venv/lib/python3.13/site-packages/flask/app.py", line 2190, in wsgi_app
    response = self.full_dispatch_request()
  File "/home/kali/venv/lib/python3.13/site-packages/flask/app.py", line 1486, in full_dispatch_request
    rv = self.handle_user_exception(e)
  File "/home/kali/venv/lib/python3.13/site-packages/flask/app.py", line 1484, in full_dispatch_request
    rv = self.dispatch_request()
  File "/home/kali/venv/lib/python3.13/site-packages/flask/app.py", line 1469, in dispatch_request
    return self.ensure_sync(self.view_functions[rule.endpoint])(**view_args)
           ~~~~~~~~~~~~~~~~~~~~~~~~~~~~~~~~~~~~~~~~~~~~~~~~~~~~^^^^^^^^^^^^^
  File "/home/kali/Desktop/Advenced_v1/advanced_mobile_forensic/frontend/web_app.py", line 31, in index
    return render_template('dashboard.html')
  File "/home/kali/venv/lib/python3.13/site-packages/flask/templating.py", line 150, in render_template
    template = app.jinja_env.get_or_select_template(template_name_or_list)
  File "/home/kali/venv/lib/python3.13/site-packages/jinja2/environment.py", line 1084, in get_or_select_template
    return self.get_template(template_name_or_list, parent, globals)
           ~~~~~~~~~~~~~~~~~^^^^^^^^^^^^^^^^^^^^^^^^^^^^^^^^^^^^^^^^
  File "/home/kali/venv/lib/python3.13/site-packages/jinja2/environment.py", line 1013, in get_template
    return self._load_template(name, globals)
           ~~~~~~~~~~~~~~~~~~~^^^^^^^^^^^^^^^
  File "/home/kali/venv/lib/python3.13/site-packages/jinja2/environment.py", line 972, in _load_template
    template = self.loader.load(self, name, self.make_globals(globals))
  File "/home/kali/venv/lib/python3.13/site-packages/jinja2/loaders.py", line 126, in load
    source, filename, uptodate = self.get_source(environment, name)
                                 ~~~~~~~~~~~~~~~^^^^^^^^^^^^^^^^^^^
  File "/home/kali/venv/lib/python3.13/site-packages/flask/templating.py", line 64, in get_source
    return self._get_source_fast(environment, template)
           ~~~~~~~~~~~~~~~~~~~~~^^^^^^^^^^^^^^^^^^^^^^^
  File "/home/kali/venv/lib/python3.13/site-packages/flask/templating.py", line 98, in _get_source_fast
    raise TemplateNotFound(template)
jinja2.exceptions.TemplateNotFound: dashboard.html
2025-11-04 18:17:36,490 - werkzeug - INFO - 127.0.0.1 - - [04/Nov/2025 18:17:36] "[35m[1mGET / HTTP/1.1[0m" 500 -
